0 info it worked if it ends with ok
1 verbose cli [ 'node', '/opt/local/bin/npm', 'start' ]
2 info using npm@3.7.1
3 info using node@v0.10.35
4 verbose stack Error: missing script: start
4 verbose stack     at run (/opt/local/lib/node_modules/npm/lib/run-script.js:147:19)
4 verbose stack     at /opt/local/lib/node_modules/npm/lib/run-script.js:57:5
4 verbose stack     at /opt/local/lib/node_modules/npm/node_modules/read-package-json/read-json.js:345:5
4 verbose stack     at checkBinReferences_ (/opt/local/lib/node_modules/npm/node_modules/read-package-json/read-json.js:309:45)
4 verbose stack     at final (/opt/local/lib/node_modules/npm/node_modules/read-package-json/read-json.js:343:3)
4 verbose stack     at then (/opt/local/lib/node_modules/npm/node_modules/read-package-json/read-json.js:113:5)
4 verbose stack     at /opt/local/lib/node_modules/npm/node_modules/read-package-json/read-json.js:300:12
4 verbose stack     at /opt/local/lib/node_modules/npm/node_modules/graceful-fs/graceful-fs.js:76:16
4 verbose stack     at fs.js:272:14
4 verbose stack     at /opt/local/lib/node_modules/npm/node_modules/graceful-fs/graceful-fs.js:42:10
5 verbose cwd /Users/XujieSong/Documents/SK8Tech/Dropbox/#SK8Tech/Tech/Web/YunDa-Delivery
6 error Darwin 15.3.0
7 error argv "node" "/opt/local/bin/npm" "start"
8 error node v0.10.35
9 error npm  v3.7.1
10 error missing script: start
11 error If you need help, you may report this error at:
11 error     <https://github.com/npm/npm/issues>
12 verbose exit [ 1, true ]
